2021-02-17 15:41:32.117  INFO 11129 --- [restartedMain] c.e.g.GradleAnnotateUse15Application     : Starting GradleAnnotateUse15Application using Java 15.0.2 on emil-ZenBook-UX433FN-UX433FN with PID 11129 (/home/emil/Documents/Annotate/gradle-annotate-use-15/build/classes/java/main started by emil in /home/emil/Documents/Annotate/gradle-annotate-use-15)
2021-02-17 15:41:32.122  INFO 11129 --- [restartedMain] c.e.g.GradleAnnotateUse15Application     : No active profile set, falling back to default profiles: default
2021-02-17 15:41:32.258  INFO 11129 --- [restartedMain] .e.DevToolsPropertyDefaultsPostProcessor : Devtools property defaults active! Set 'spring.devtools.add-properties' to 'false' to disable
2021-02-17 15:41:32.259  INFO 11129 --- [restartedMain] .e.DevToolsPropertyDefaultsPostProcessor : For additional web related logging consider setting the 'logging.level.web' property to 'DEBUG'
2021-02-17 15:41:33.499  INFO 11129 --- [restartedMain] .s.d.r.c.RepositoryConfigurationDelegate : Multiple Spring Data modules found, entering strict repository configuration mode!
2021-02-17 15:41:33.500  INFO 11129 --- [restartedMain] .s.d.r.c.RepositoryConfigurationDelegate : Bootstrapping Spring Data JDBC repositories in DEFAULT mode.
2021-02-17 15:41:33.533  INFO 11129 --- [restartedMain] .RepositoryConfigurationExtensionSupport : Spring Data JDBC - Could not safely identify store assignment for repository candidate interface com.example.gradleannotateuse15.response.lib.repositories.GlobalErrorsRepository. If you want this repository to be a JDBC repository, consider annotating your entities with one of these annotations: org.springframework.data.relational.core.mapping.Table.
2021-02-17 15:41:33.535  INFO 11129 --- [restartedMain] .RepositoryConfigurationExtensionSupport : Spring Data JDBC - Could not safely identify store assignment for repository candidate interface com.example.gradleannotateuse15.response.lib.repositories.NotificationEmailsRepository. If you want this repository to be a JDBC repository, consider annotating your entities with one of these annotations: org.springframework.data.relational.core.mapping.Table.
2021-02-17 15:41:33.536  INFO 11129 --- [restartedMain] .s.d.r.c.RepositoryConfigurationDelegate : Finished Spring Data repository scanning in 31 ms. Found 0 JDBC repository interfaces.
2021-02-17 15:41:33.546  INFO 11129 --- [restartedMain] .s.d.r.c.RepositoryConfigurationDelegate : Multiple Spring Data modules found, entering strict repository configuration mode!
2021-02-17 15:41:33.547  INFO 11129 --- [restartedMain] .s.d.r.c.RepositoryConfigurationDelegate : Bootstrapping Spring Data JPA repositories in DEFAULT mode.
2021-02-17 15:41:33.579  INFO 11129 --- [restartedMain] .s.d.r.c.RepositoryConfigurationDelegate : Finished Spring Data repository scanning in 26 ms. Found 2 JPA repository interfaces.
2021-02-17 15:41:34.143  INFO 11129 --- [restartedMain] o.s.b.w.embedded.tomcat.TomcatWebServer  : Tomcat initialized with port(s): 8080 (http)
2021-02-17 15:41:34.152  INFO 11129 --- [restartedMain] o.apache.catalina.core.StandardService   : Starting service [Tomcat]
2021-02-17 15:41:34.152  INFO 11129 --- [restartedMain] org.apache.catalina.core.StandardEngine  : Starting Servlet engine: [Apache Tomcat/9.0.41]
2021-02-17 15:41:34.228  INFO 11129 --- [restartedMain] o.a.c.c.C.[Tomcat].[localhost].[/]       : Initializing Spring embedded WebApplicationContext
2021-02-17 15:41:34.229  INFO 11129 --- [restartedMain] w.s.c.ServletWebServerApplicationContext : Root WebApplicationContext: initialization completed in 1969 ms
2021-02-17 15:41:34.420  INFO 11129 --- [restartedMain] o.hibernate.jpa.internal.util.LogHelper  : HHH000204: Processing PersistenceUnitInfo [name: default]
2021-02-17 15:41:34.469  INFO 11129 --- [restartedMain] org.hibernate.Version                    : HHH000412: Hibernate ORM core version 5.4.27.Final
2021-02-17 15:41:34.588  INFO 11129 --- [restartedMain] o.hibernate.annotations.common.Version   : HCANN000001: Hibernate Commons Annotations {5.1.2.Final}
2021-02-17 15:41:34.672  INFO 11129 --- [restartedMain] com.zaxxer.hikari.HikariDataSource       : HikariPool-1 - Starting...
2021-02-17 15:41:34.934  INFO 11129 --- [restartedMain] com.zaxxer.hikari.HikariDataSource       : HikariPool-1 - Start completed.
2021-02-17 15:41:34.955  INFO 11129 --- [restartedMain] org.hibernate.dialect.Dialect            : HHH000400: Using dialect: org.hibernate.dialect.PostgreSQL94Dialect
2021-02-17 15:41:35.515  INFO 11129 --- [restartedMain] o.h.e.t.j.p.i.JtaPlatformInitiator       : HHH000490: Using JtaPlatform implementation: [org.hibernate.engine.transaction.jta.platform.internal.NoJtaPlatform]
2021-02-17 15:41:35.526  INFO 11129 --- [restartedMain] j.LocalContainerEntityManagerFactoryBean : Initialized JPA EntityManagerFactory for persistence unit 'default'
2021-02-17 15:41:35.621  INFO 11129 --- [restartedMain] o.s.b.d.a.OptionalLiveReloadServer       : LiveReload server is running on port 35729
2021-02-17 15:41:36.389  WARN 11129 --- [restartedMain] JpaBaseConfiguration$JpaWebConfiguration : spring.jpa.open-in-view is enabled by default. Therefore, database queries may be performed during view rendering. Explicitly configure spring.jpa.open-in-view to disable this warning
2021-02-17 15:41:36.549  INFO 11129 --- [restartedMain] o.s.s.concurrent.ThreadPoolTaskExecutor  : Initializing ExecutorService 'applicationTaskExecutor'
2021-02-17 15:41:36.857  INFO 11129 --- [restartedMain] o.s.b.w.embedded.tomcat.TomcatWebServer  : Tomcat started on port(s): 8080 (http) with context path ''
2021-02-17 15:41:36.871  INFO 11129 --- [restartedMain] c.e.g.GradleAnnotateUse15Application     : Started GradleAnnotateUse15Application in 5.373 seconds (JVM running for 6.504)
2021-02-17 15:41:48.760  INFO 11129 --- [http-nio-8080-exec-1] o.a.c.c.C.[Tomcat].[localhost].[/]       : Initializing Spring DispatcherServlet 'dispatcherServlet'
2021-02-17 15:41:48.760  INFO 11129 --- [http-nio-8080-exec-1] o.s.web.servlet.DispatcherServlet        : Initializing Servlet 'dispatcherServlet'
2021-02-17 15:41:48.762  INFO 11129 --- [http-nio-8080-exec-1] o.s.web.servlet.DispatcherServlet        : Completed initialization in 1 ms
2021-02-17 15:41:48.868  WARN 11129 --- [http-nio-8080-exec-1] .m.m.a.ExceptionHandlerExceptionResolver : Resolved [com.example.gradleannotateuse15.exceptions.UnitpayException]
2021-02-17 15:47:47.738  WARN 11129 --- [http-nio-8080-exec-5] .m.m.a.ExceptionHandlerExceptionResolver : Resolved [com.example.gradleannotateuse15.exceptions.MyExceptions]
2021-02-17 17:05:48.166  INFO 11129 --- [SpringContextShutdownHook] o.s.s.concurrent.ThreadPoolTaskExecutor  : Shutting down ExecutorService 'applicationTaskExecutor'
2021-02-17 17:05:48.168  INFO 11129 --- [SpringContextShutdownHook] j.LocalContainerEntityManagerFactoryBean : Closing JPA EntityManagerFactory for persistence unit 'default'
2021-02-17 17:05:48.173  INFO 11129 --- [SpringContextShutdownHook] com.zaxxer.hikari.HikariDataSource       : HikariPool-1 - Shutdown initiated...
2021-02-17 17:05:48.178  INFO 11129 --- [SpringContextShutdownHook] com.zaxxer.hikari.HikariDataSource       : HikariPool-1 - Shutdown completed.
